\BOOKMARK [1][-]{section*.1}{\376\377\144\130\211\201}{}% 1
\BOOKMARK [1][-]{section.1}{\376\377\145\160\143\156\162\054\123\326}{}% 2
\BOOKMARK [1][-]{section.2}{\376\377\145\207\147\054\230\204\131\004\164\006}{}% 3
\BOOKMARK [1][-]{section.3}{\376\377\116\073\230\230\152\041\127\213}{}% 4
\BOOKMARK [2][-]{subsection.3.1}{\376\377\116\073\230\230\152\041\127\213\166\204\147\204\136\372}{section.3}% 5
\BOOKMARK [2][-]{subsection.3.2}{\376\377\176\323\147\234\122\006\147\220}{section.3}% 6
\BOOKMARK [1][-]{section.4}{\376\377\155\361\136\246\133\146\116\140}{}% 7
\BOOKMARK [2][-]{subsection.4.1}{\376\377\145\160\143\156\131\004\164\006}{section.4}% 8
\BOOKMARK [2][-]{subsection.4.2}{\376\377\000T\000o\000k\000e\000n\000i\000z\000e\000\040\000+\000\040\000D\000N\000N}{section.4}% 9
\BOOKMARK [2][-]{subsection.4.3}{\376\377\000W\000o\000r\000d\0002\000V\000e\000c\000\040\000+\000\040\000L\000S\000T\000M}{section.4}% 10
\BOOKMARK [2][-]{subsection.4.4}{\376\377\000B\000E\000R\000T}{section.4}% 11
\BOOKMARK [1][-]{section.5}{\376\377\122\006\136\003\137\017\213\255\176\303}{}% 12
\BOOKMARK [2][-]{subsection.5.1}{\376\377\163\257\130\203\124\057\122\250}{section.5}% 13
\BOOKMARK [2][-]{subsection.5.2}{\376\377\145\160\143\156\213\373\123\326}{section.5}% 14
\BOOKMARK [2][-]{subsection.5.3}{\376\377\145\207\147\054\162\171\137\201\135\345\172\013}{section.5}% 15
\BOOKMARK [2][-]{subsection.5.4}{\376\377\213\255\176\303\152\041\127\213}{section.5}% 16
\BOOKMARK [2][-]{subsection.5.5}{\376\377\152\041\127\213\155\113\213\325}{section.5}% 17
\BOOKMARK [2][-]{subsection.5.6}{\376\377\152\041\127\213\153\324\217\203}{section.5}% 18
\BOOKMARK [2][-]{subsection.5.7}{\376\377\152\041\127\213\214\003\123\302}{section.5}% 19
\BOOKMARK [1][-]{section.6}{\376\377\176\323\213\272}{}% 20
\BOOKMARK [2][-]{subsection.6.1}{\376\377\116\073\230\230\152\041\127\213}{section.6}% 21
\BOOKMARK [2][-]{subsection.6.2}{\376\377\213\304\116\367\122\006\174\173\213\255\176\303}{section.6}% 22
\BOOKMARK [1][-]{section.7}{\376\377\123\302\200\003\145\207\163\056}{}% 23
\BOOKMARK [1][-]{section.8}{\376\377\116\343\170\001}{}% 24
\BOOKMARK [1][-]{section.9}{\376\377\162\054\123\326\213\304\213\272\134\125\171\072}{}% 25
